<?xml version="1.0" encoding="UTF-8"?>
<testng-results ignored="0" total="14" passed="14" failed="0" skipped="0">
  <reporter-output>
  </reporter-output>
  <suite started-at="2023-12-10T17:24:29 IST" name="Default suite" finished-at="2023-12-10T17:25:33 IST" duration-ms="64050">
    <groups>
    </groups>
    <test started-at="2023-12-10T17:24:29 IST" name="Default test" finished-at="2023-12-10T17:25:33 IST" duration-ms="64050">
      <class name="OHRM.EmployeeListTest">
        <test-method is-config="true" signature="setup()[pri:0, instance:OHRM.EmployeeListTest@67c33749]" started-at="2023-12-10T17:24:29 IST" name="setup" finished-at="2023-12-10T17:24:38 IST" duration-ms="9050" status="PASS">
          <reporter-output>
          </reporter-output>
        </test-method> <!-- setup -->
        <test-method signature="LogInPanel()[pri:1, instance:OHRM.EmployeeListTest@67c33749]" started-at="2023-12-10T17:24:38 IST" name="LogInPanel" description="Functionality of LogInPage" finished-at="2023-12-10T17:24:40 IST" duration-ms="2191" status="PASS">
          <reporter-output>
          </reporter-output>
        </test-method> <!-- LogInPanel -->
        <test-method signature="username()[pri:2, instance:OHRM.EmployeeListTest@67c33749]" started-at="2023-12-10T17:24:40 IST" name="username" description="Giving Valid data of UserName And Password" finished-at="2023-12-10T17:24:45 IST" duration-ms="5551" status="PASS">
          <reporter-output>
          </reporter-output>
        </test-method> <!-- username -->
        <test-method signature="welComeAdmin()[pri:3, instance:OHRM.EmployeeListTest@67c33749]" started-at="2023-12-10T17:24:45 IST" name="welComeAdmin" description="Validating the WelCome Admin page" finished-at="2023-12-10T17:24:46 IST" duration-ms="326" status="PASS">
          <reporter-output>
          </reporter-output>
        </test-method> <!-- welComeAdmin -->
        <test-method signature="PIMMouseHover()[pri:4, instance:OHRM.EmployeeListTest@67c33749]" started-at="2023-12-10T17:24:46 IST" name="PIMMouseHover" description="Operating the functionality of PIM" finished-at="2023-12-10T17:24:46 IST" duration-ms="244" status="PASS">
          <reporter-output>
          </reporter-output>
        </test-method> <!-- PIMMouseHover -->
        <test-method signature="AddEmployeeTextPageTest()[pri:5, instance:OHRM.EmployeeListTest@67c33749]" started-at="2023-12-10T17:24:46 IST" name="AddEmployeeTextPageTest" description="AddEmployee click operation and validating AddEmployee Page Functionality" finished-at="2023-12-10T17:24:48 IST" duration-ms="2409" status="PASS">
          <reporter-output>
          </reporter-output>
        </test-method> <!-- AddEmployeeTextPageTest -->
        <test-method signature="UserData()[pri:6, instance:OHRM.EmployeeListTest@67c33749]" started-at="2023-12-10T17:24:48 IST" name="UserData" description="Giving the User Data Information Functionality" finished-at="2023-12-10T17:24:50 IST" duration-ms="1224" status="PASS">
          <reporter-output>
          </reporter-output>
        </test-method> <!-- UserData -->
        <test-method signature="photo()[pri:8, instance:OHRM.EmployeeListTest@67c33749]" started-at="2023-12-10T17:24:50 IST" name="photo" description="Validating the photography" finished-at="2023-12-10T17:25:05 IST" duration-ms="15339" status="PASS">
          <reporter-output>
          </reporter-output>
        </test-method> <!-- photo -->
        <test-method signature="PersonalDetailsTest()[pri:9, instance:OHRM.EmployeeListTest@67c33749]" started-at="2023-12-10T17:25:05 IST" name="PersonalDetailsTest" description="Validating the Personal Details WebPAge" finished-at="2023-12-10T17:25:06 IST" duration-ms="591" status="PASS">
          <reporter-output>
          </reporter-output>
        </test-method> <!-- PersonalDetailsTest -->
        <test-method signature="NameValidation()[pri:10, instance:OHRM.EmployeeListTest@67c33749]" started-at="2023-12-10T17:25:06 IST" name="NameValidation" description="Validating Name Functionality" finished-at="2023-12-10T17:25:07 IST" duration-ms="1895" status="PASS">
          <reporter-output>
          </reporter-output>
        </test-method> <!-- NameValidation -->
        <test-method signature="PhotoAboveName()[pri:11, instance:OHRM.EmployeeListTest@67c33749]" started-at="2023-12-10T17:25:07 IST" name="PhotoAboveName" description="Identifying  the PhotoGraph above Name functionality" finished-at="2023-12-10T17:25:08 IST" duration-ms="483" status="PASS">
          <reporter-output>
          </reporter-output>
        </test-method> <!-- PhotoAboveName -->
        <test-method signature="EmployeeList()[pri:12, instance:OHRM.EmployeeListTest@67c33749]" started-at="2023-12-10T17:25:08 IST" name="EmployeeList" description="EmployeeListPage" finished-at="2023-12-10T17:25:11 IST" duration-ms="3374" status="PASS">
          <reporter-output>
          </reporter-output>
        </test-method> <!-- EmployeeList -->
        <test-method signature="EmployeeListTable()[pri:13, instance:OHRM.EmployeeListTest@67c33749]" started-at="2023-12-10T17:25:11 IST" name="EmployeeListTable" description="EmployeeList table" finished-at="2023-12-10T17:25:27 IST" duration-ms="15851" status="PASS">
          <reporter-output>
          </reporter-output>
        </test-method> <!-- EmployeeListTable -->
        <test-method signature="Logout()[pri:14, instance:OHRM.EmployeeListTest@67c33749]" started-at="2023-12-10T17:25:27 IST" name="Logout" description="LogOut Functionality" finished-at="2023-12-10T17:25:31 IST" duration-ms="3838" status="PASS">
          <reporter-output>
          </reporter-output>
        </test-method> <!-- Logout -->
        <test-method signature="LogInPage()[pri:15, instance:OHRM.EmployeeListTest@67c33749]" started-at="2023-12-10T17:25:31 IST" name="LogInPage" description="LogIn Page Validation" finished-at="2023-12-10T17:25:31 IST" duration-ms="447" status="PASS">
          <reporter-output>
          </reporter-output>
        </test-method> <!-- LogInPage -->
        <test-method is-config="true" signature="teardown()[pri:0, instance:OHRM.EmployeeListTest@67c33749]" started-at="2023-12-10T17:25:31 IST" name="teardown" finished-at="2023-12-10T17:25:33 IST" duration-ms="1139" status="PASS">
          <reporter-output>
          </reporter-output>
        </test-method> <!-- teardown -->
      </class> <!-- OHRM.EmployeeListTest -->
    </test> <!-- Default test -->
  </suite> <!-- Default suite -->
</testng-results>
