<?xml version="1.0" encoding="UTF-8"?>
<!-- Generated by org.testng.reporters.JUnitXMLReporter -->
<testsuite ignored="0" hostname="LAPTOP-J0EGH49S" failures="0" tests="14" name="Default test" time="64.05" errors="0" timestamp="2023-12-10T17:25:33 IST">
  <testcase classname="OHRM.LogInPageOHRM" name="LogInPanel" time="2.191"/>
  <testcase classname="OHRM.LogInPageOHRM" name="username" time="5.551"/>
  <testcase classname="OHRM.LogInPageOHRM" name="welComeAdmin" time="0.326"/>
  <testcase classname="OHRM.AddEmployee" name="PIMMouseHover" time="0.244"/>
  <testcase classname="OHRM.AddEmployee" name="AddEmployeeTextPageTest" time="2.409"/>
  <testcase classname="OHRM.AddEmployee" name="UserData" time="1.224"/>
  <testcase classname="OHRM.AddEmployee" name="photo" time="15.339"/>
  <testcase classname="OHRM.personalDetails" name="PersonalDetailsTest" time="0.591"/>
  <testcase classname="OHRM.personalDetails" name="NameValidation" time="1.895"/>
  <testcase classname="OHRM.personalDetails" name="PhotoAboveName" time="0.483"/>
  <testcase classname="OHRM.EmployeeListTest" name="EmployeeList" time="3.374"/>
  <testcase classname="OHRM.EmployeeListTest" name="EmployeeListTable" time="15.851"/>
  <testcase classname="OHRM.EmployeeListTest" name="Logout" time="3.838"/>
  <testcase classname="OHRM.EmployeeListTest" name="LogInPage" time="0.447"/>
</testsuite> <!-- Default test -->
