<?xml version="1.0" encoding="UTF-8"?>
<!-- Generated by org.testng.reporters.JUnitXMLReporter -->
<testsuite ignored="0" hostname="LAPTOP-J0EGH49S" failures="0" tests="4" name="LogInPage" time="4.255" errors="0" timestamp="2023-12-09T08:04:39 IST">
  <testcase classname="com.OrangeHRMTests.orangeHRMLogInPageTest" name="LogInPanelTextTest" time="0.187"/>
  <testcase classname="com.OrangeHRMTests.orangeHRMLogInPageTest" name="LOGOTest" time="0.051"/>
  <testcase classname="com.OrangeHRMTests.orangeHRMLogInPageTest" name="UserData" time="1.398"/>
  <testcase classname="com.OrangeHRMTests.orangeHRMLogInPageTest" name="welcomeAdminTextTest" time="0.036"/>
</testsuite> <!-- LogInPage -->
