<?xml version="1.0" encoding="UTF-8"?>
<!-- Generated by org.testng.reporters.JUnitXMLReporter -->
<testsuite ignored="0" hostname="LAPTOP-J0EGH49S" failures="1" tests="5" name="PersonalDetails" time="20.088" errors="0" timestamp="2023-11-22T15:41:28 IST">
  <testcase classname="OrangeHRMusingPropertiesFile.orangeHRMLogInTest" name="LogInTest" time="5.036"/>
  <testcase classname="OrangeHRMusingPropertiesFile.OHRMEmployeeDetails" name="PIMMouseHover" time="0.196"/>
  <testcase classname="OrangeHRMusingPropertiesFile.OHRMEmployeeDetails" name="AddEmployeeTest" time="1.852"/>
  <testcase classname="OrangeHRMusingPropertiesFile.oHRMPersonalDetails" name="PersonalDetailsTextTest" time="0.064"/>
  <testcase classname="OrangeHRMusingPropertiesFile.oHRMPersonalDetails" name="firstNameTest" time="10.188">
    <failure type="java.io.IOException" message="Cannot run program &amp;quot;./Autoit/autoit.exe&amp;quot;: CreateProcess error=2, The system cannot find the file specified">
      <![CDATA[java.io.IOException: Cannot run program "./Autoit/autoit.exe": CreateProcess error=2, The system cannot find the file specified
at java.base/java.lang.ProcessBuilder.start(ProcessBuilder.java:1142)
at java.base/java.lang.ProcessBuilder.start(ProcessBuilder.java:1073)
at java.base/java.lang.Runtime.exec(Runtime.java:590)
at java.base/java.lang.Runtime.exec(Runtime.java:414)
at java.base/java.lang.Runtime.exec(Runtime.java:311)
at OrangeHRMusingPropertiesFile.oHRMPersonalDetails.firstNameTest(oHRMPersonalDetails.java:150)
at java.base/java.util.ArrayList.forEach(ArrayList.java:1511)
Caused by: java.io.IOException: CreateProcess error=2, The system cannot find the file specified
at java.base/java.lang.ProcessImpl.create(Native Method)
at java.base/java.lang.ProcessImpl.<init>(ProcessImpl.java:492)
at java.base/java.lang.ProcessImpl.start(ProcessImpl.java:158)
at java.base/java.lang.ProcessBuilder.start(ProcessBuilder.java:1109)
... 33 more
... Removed 27 stack frames]]>
    </failure>
  </testcase> <!-- firstNameTest -->
</testsuite> <!-- PersonalDetails -->
