<?xml version="1.0" encoding="UTF-8"?>
<!-- Generated by org.testng.reporters.JUnitXMLReporter -->
<testsuite ignored="0" hostname="LAPTOP-J0EGH49S" failures="0" tests="3" name="LogInTest" time="3.367" errors="0" timestamp="2023-12-09T11:43:56 IST">
  <testcase classname="OHRM.LogInPageOHRM" name="LogInPanel" time="0.858"/>
  <testcase classname="OHRM.LogInPageOHRM" name="username" time="1.314"/>
  <testcase classname="OHRM.LogInPageOHRM" name="welComeAdmin" time="0.185"/>
</testsuite> <!-- LogInTest -->
